Using pre-set license
Built from '2020.2/staging' branch; Version is '2020.2.5f1 (e2c53f129de5) revision 14861631'; Using compiler version '192528614'; Build Type 'Release'
OS: 'Windows 10 Pro; OS build 19042.1110; Version 2009; 64bit' Language: 'tr' Physical Memory: 16273 MB
BatchMode: 1, IsHumanControllingUs: 0, StartBugReporterOnCrash: 0, Is64bit: 1, IsPro: 0

 COMMAND LINE ARGUMENTS:
C:\Program Files\Unity\Hub\Editor\2020.2.5f1\Editor\Unity.exe
-adb2
-batchMode
-noUpm
-name
AssetImportWorker0
-projectPath
C:/Users/Berkay/Unity3dForGithub/GeneticAlgorithmSimulation/GeneticAlgorithmSimulation
-logFile
Logs/AssetImportWorker0.log
-srvPort
58547
Successfully changed project path to: C:/Users/Berkay/Unity3dForGithub/GeneticAlgorithmSimulation/GeneticAlgorithmSimulation
C:/Users/Berkay/Unity3dForGithub/GeneticAlgorithmSimulation/GeneticAlgorithmSimulation
Using Asset Import Pipeline V2.
Refreshing native plugins compatible for Editor in 55.90 ms, found 2 plugins.
Preloading 0 native plugins for Editor in 0.00 ms.
Initialize engine version: 2020.2.5f1 (e2c53f129de5)
[Subsystems] Discovering subsystems at path C:/Program Files/Unity/Hub/Editor/2020.2.5f1/Editor/Data/Resources/UnitySubsystems
[Subsystems] Discovering subsystems at path C:/Users/Berkay/Unity3dForGithub/GeneticAlgorithmSimulation/GeneticAlgorithmSimulation/Assets
GfxDevice: creating device client; threaded=0
Direct3D:
    Version:  Direct3D 11.0 [level 11.0]
    Renderer: NVIDIA GeForce GTX 960M (ID=0x139b)
    Vendor:   
    VRAM:     4055 MB
    Driver:   27.21.14.6140
Initialize mono
Mono path[0] = 'C:/Program Files/Unity/Hub/Editor/2020.2.5f1/Editor/Data/Managed'
Mono path[1] = 'C:/Program Files/Unity/Hub/Editor/2020.2.5f1/Editor/Data/MonoBleedingEdge/lib/mono/unityjit'
Mono config path = 'C:/Program Files/Unity/Hub/Editor/2020.2.5f1/Editor/Data/MonoBleedingEdge/etc'
Using monoOptions --debugger-agent=transport=dt_socket,embedding=1,server=y,suspend=n,address=127.0.0.1:56684
Begin MonoManager ReloadAssembly
Registering precompiled unity dll's ...
Register platform support module: C:/Program Files/Unity/Hub/Editor/2020.2.5f1/Editor/Data/PlaybackEngines/WindowsStandaloneSupport/UnityEditor.WindowsStandalone.Extensions.dll
Registered in 0.002339 seconds.
Native extension for WindowsStandalone target not found
Refreshing native plugins compatible for Editor in 44.65 ms, found 2 plugins.
Preloading 0 native plugins for Editor in 0.00 ms.
Invoked RoslynAnalysisRunner static constructor.
RoslynAnalysisRunner will not be running.
RoslynAnalysisRunner has terminated.
Mono: successfully reloaded assembly
- Completed reload, in  2.840 seconds
Platform modules already initialized, skipping
Registering precompiled user dll's ...
Registered in 0.004259 seconds.
Begin MonoManager ReloadAssembly
Native extension for WindowsStandalone target not found
Refreshing native plugins compatible for Editor in 0.57 ms, found 2 plugins.
Preloading 0 native plugins for Editor in 0.00 ms.
Invoked RoslynAnalysisRunner static constructor.
RoslynAnalysisRunner will not be running.
RoslynAnalysisRunner has terminated.
Mono: successfully reloaded assembly
- Completed reload, in  1.470 seconds
Platform modules already initialized, skipping
========================================================================
Worker process is ready to serve import requests
Launched and connected shader compiler UnityShaderCompiler.exe after 0.06 seconds
Refreshing native plugins compatible for Editor in 0.81 ms, found 2 plugins.
Preloading 0 native plugins for Editor in 0.00 ms.
Unloading 1388 Unused Serialized files (Serialized files now loaded: 0)
System memory in use before: 64.8 MB.
System memory in use after: 64.9 MB.

Unloading 19 unused Assets to reduce memory usage. Loaded Objects now: 1820.
Total: 3.779600 ms (FindLiveObjects: 0.247700 ms CreateObjectMapping: 0.124200 ms MarkObjects: 3.291200 ms  DeleteObjects: 0.114700 ms)

========================================================================
Received Import Request.
  path: Assets/New Material.mat
  artifactKey: Guid(a212ea77a74849d46b62a05a1dedc59e) Importer(815301076,1909f56bfc062723c751e8b465ee728b)
Start importing Assets/New Material.mat using Guid(a212ea77a74849d46b62a05a1dedc59e) Importer(815301076,1909f56bfc062723c751e8b465ee728b)  -> (artifact id: '450eb2f9ed1aa582188d7d8bf41a73ac') in 0.440870 seconds
  Import took 0.444704 seconds .

========================================================================
Received Import Request.
  Time since last request: 0.000262 seconds.
  path: Assets/PlaneMat.mat
  artifactKey: Guid(6ed8ce995b17f3b458afac79272a3c4f) Importer(815301076,1909f56bfc062723c751e8b465ee728b)
Start importing Assets/PlaneMat.mat using Guid(6ed8ce995b17f3b458afac79272a3c4f) Importer(815301076,1909f56bfc062723c751e8b465ee728b)  -> (artifact id: '7d3e27a9a9bb55c69a5745d18d0ce8a8') in 0.021737 seconds
  Import took 0.025736 seconds .

========================================================================
Received Prepare
Refreshing native plugins compatible for Editor in 4.18 ms, found 2 plugins.
Preloading 0 native plugins for Editor in 0.00 ms.
Unloading 12 Unused Serialized files (Serialized files now loaded: 0)
System memory in use before: 40.6 MB.
System memory in use after: 40.7 MB.

Unloading 12 unused Assets to reduce memory usage. Loaded Objects now: 1860.
Total: 4.550000 ms (FindLiveObjects: 0.792500 ms CreateObjectMapping: 0.188500 ms MarkObjects: 3.488400 ms  DeleteObjects: 0.074800 ms)

========================================================================
Received Prepare
Registering precompiled user dll's ...
Registered in 0.004976 seconds.
Begin MonoManager ReloadAssembly
Native extension for WindowsStandalone target not found
Refreshing native plugins compatible for Editor in 0.56 ms, found 2 plugins.
Preloading 0 native plugins for Editor in 0.00 ms.
Invoked RoslynAnalysisRunner static constructor.
RoslynAnalysisRunner will not be running.
RoslynAnalysisRunner has terminated.
Mono: successfully reloaded assembly
- Completed reload, in  1.858 seconds
Platform modules already initialized, skipping
Refreshing native plugins compatible for Editor in 0.42 ms, found 2 plugins.
Preloading 0 native plugins for Editor in 0.00 ms.
Unloading 1383 Unused Serialized files (Serialized files now loaded: 0)
System memory in use before: 68.2 MB.
System memory in use after: 68.3 MB.

Unloading 14 unused Assets to reduce memory usage. Loaded Objects now: 1863.
Total: 4.166700 ms (FindLiveObjects: 0.298700 ms CreateObjectMapping: 0.075900 ms MarkObjects: 3.699900 ms  DeleteObjects: 0.089200 ms)

========================================================================
Received Prepare
Registering precompiled user dll's ...
Registered in 0.005817 seconds.
Begin MonoManager ReloadAssembly
Native extension for WindowsStandalone target not found
Refreshing native plugins compatible for Editor in 0.48 ms, found 2 plugins.
Preloading 0 native plugins for Editor in 0.00 ms.
Invoked RoslynAnalysisRunner static constructor.
RoslynAnalysisRunner will not be running.
RoslynAnalysisRunner has terminated.
Mono: successfully reloaded assembly
- Completed reload, in  1.370 seconds
Platform modules already initialized, skipping
Refreshing native plugins compatible for Editor in 0.84 ms, found 2 plugins.
Preloading 0 native plugins for Editor in 0.00 ms.
Unloading 1744 Unused Serialized files (Serialized files now loaded: 0)
System memory in use before: 83.4 MB.
System memory in use after: 81.5 MB.

Unloading 37 unused Assets to reduce memory usage. Loaded Objects now: 2205.
Total: 7.121400 ms (FindLiveObjects: 0.421200 ms CreateObjectMapping: 0.240000 ms MarkObjects: 3.609600 ms  DeleteObjects: 2.847300 ms)

========================================================================
Received Import Request.
  Time since last request: 582.839256 seconds.
  path: Packages/com.unity.probuilder/Content/Resources/Materials/Collider.mat
  artifactKey: Guid(bbb235fff4f48426b863b36058ab66d2) Importer(815301076,1909f56bfc062723c751e8b465ee728b)
Start importing Packages/com.unity.probuilder/Content/Resources/Materials/Collider.mat using Guid(bbb235fff4f48426b863b36058ab66d2) Importer(815301076,1909f56bfc062723c751e8b465ee728b)  -> (artifact id: '6259000fc2168499b0d762acf710e985') in 0.125705 seconds
  Import took 0.130252 seconds .

========================================================================
Received Import Request.
  Time since last request: 0.000283 seconds.
  path: Packages/com.unity.probuilder/Content/Resources/Materials/VertexPickerHDRP.mat
  artifactKey: Guid(7d5c9fc287a2aa945a98203d41282923) Importer(815301076,1909f56bfc062723c751e8b465ee728b)
Start importing Packages/com.unity.probuilder/Content/Resources/Materials/VertexPickerHDRP.mat using Guid(7d5c9fc287a2aa945a98203d41282923) Importer(815301076,1909f56bfc062723c751e8b465ee728b)  -> (artifact id: 'e487b4299486a2ba41b487bfa4375543') in 0.024942 seconds
  Import took 0.029516 seconds .

========================================================================
Received Import Request.
  Time since last request: 0.000294 seconds.
  path: Packages/com.unity.probuilder/Content/Resources/Materials/FacePicker.mat
  artifactKey: Guid(5695904020f064fdab5ad265b274a616) Importer(815301076,1909f56bfc062723c751e8b465ee728b)
Start importing Packages/com.unity.probuilder/Content/Resources/Materials/FacePicker.mat using Guid(5695904020f064fdab5ad265b274a616) Importer(815301076,1909f56bfc062723c751e8b465ee728b)  -> (artifact id: '58948cba99db14dba32fe4ff3bdb269a') in 0.023473 seconds
  Import took 0.029410 seconds .

========================================================================
Received Import Request.
  Time since last request: 0.000273 seconds.
  path: Packages/com.unity.probuilder/Content/Resources/Materials/Trigger.mat
  artifactKey: Guid(a1e97cbf2538241b691aae8243b5fb10) Importer(815301076,1909f56bfc062723c751e8b465ee728b)
Start importing Packages/com.unity.probuilder/Content/Resources/Materials/Trigger.mat using Guid(a1e97cbf2538241b691aae8243b5fb10) Importer(815301076,1909f56bfc062723c751e8b465ee728b)  -> (artifact id: 'b390d0cc706e53abbe133c593571a6c4') in 0.023308 seconds
  Import took 0.028467 seconds .

========================================================================
Received Import Request.
  Time since last request: 0.000230 seconds.
  path: Packages/com.unity.probuilder/Content/Resources/Materials/VertexPicker.mat
  artifactKey: Guid(30a8575e1d4cc4e01a88ffbf4f973d80) Importer(815301076,1909f56bfc062723c751e8b465ee728b)
Start importing Packages/com.unity.probuilder/Content/Resources/Materials/VertexPicker.mat using Guid(30a8575e1d4cc4e01a88ffbf4f973d80) Importer(815301076,1909f56bfc062723c751e8b465ee728b)  -> (artifact id: '9da21921df50a115ef8cc9a8f4544271') in 0.022101 seconds
  Import took 0.026491 seconds .

========================================================================
Received Import Request.
  Time since last request: 0.000222 seconds.
  path: Packages/com.unity.probuilder/Content/Resources/Materials/ProBuilderDefault.mat
  artifactKey: Guid(c22777d6e868e4f2fb421913386b154e) Importer(815301076,1909f56bfc062723c751e8b465ee728b)
Start importing Packages/com.unity.probuilder/Content/Resources/Materials/ProBuilderDefault.mat using Guid(c22777d6e868e4f2fb421913386b154e) Importer(815301076,1909f56bfc062723c751e8b465ee728b)  -> (artifact id: '23fa9efb7cf53eed66ac15e99fd84046') in 0.049130 seconds
  Import took 0.054815 seconds .

========================================================================
Received Import Request.
  Time since last request: 0.000367 seconds.
  path: Packages/com.unity.probuilder/Content/Resources/Materials/EdgePickerHDRP.mat
  artifactKey: Guid(980c24c5a501a9a429356d191ad356a9) Importer(815301076,1909f56bfc062723c751e8b465ee728b)
Start importing Packages/com.unity.probuilder/Content/Resources/Materials/EdgePickerHDRP.mat using Guid(980c24c5a501a9a429356d191ad356a9) Importer(815301076,1909f56bfc062723c751e8b465ee728b)  -> (artifact id: '4bf467b890a523711b7af301a39ee020') in 0.023225 seconds
  Import took 0.028377 seconds .

========================================================================
Received Import Request.
  Time since last request: 0.000288 seconds.
  path: Packages/com.unity.probuilder/Content/Resources/Materials/EdgePicker.mat
  artifactKey: Guid(4ff996e3a0a5743a3987ab6231160665) Importer(815301076,1909f56bfc062723c751e8b465ee728b)
Start importing Packages/com.unity.probuilder/Content/Resources/Materials/EdgePicker.mat using Guid(4ff996e3a0a5743a3987ab6231160665) Importer(815301076,1909f56bfc062723c751e8b465ee728b)  -> (artifact id: '74868793f5763b5ce6f0ff650f27dca8') in 0.023452 seconds
  Import took 0.028824 seconds .

========================================================================
Received Import Request.
  Time since last request: 0.000300 seconds.
  path: Packages/com.unity.probuilder/Content/Resources/Materials/Collider.mat
  artifactKey: Guid(bbb235fff4f48426b863b36058ab66d2) Importer(815301076,1909f56bfc062723c751e8b465ee728b)
Start importing Packages/com.unity.probuilder/Content/Resources/Materials/Collider.mat using Guid(bbb235fff4f48426b863b36058ab66d2) Importer(815301076,1909f56bfc062723c751e8b465ee728b)  -> (artifact id: '6259000fc2168499b0d762acf710e985') in 0.014560 seconds
  Import took 0.019979 seconds .

========================================================================
Received Import Request.
  Time since last request: 0.000261 seconds.
  path: Packages/com.unity.probuilder/Content/Resources/Materials/NoDraw.mat
  artifactKey: Guid(8cb4d6fee77fd4ee6895f08b240d625f) Importer(815301076,1909f56bfc062723c751e8b465ee728b)
Start importing Packages/com.unity.probuilder/Content/Resources/Materials/NoDraw.mat using Guid(8cb4d6fee77fd4ee6895f08b240d625f) Importer(815301076,1909f56bfc062723c751e8b465ee728b)  -> (artifact id: '52bd4c108d6ad11377fa5a875224f6d3') in 0.059834 seconds
  Import took 0.064050 seconds .

========================================================================
Received Import Request.
  Time since last request: 0.000264 seconds.
  path: Packages/com.unity.probuilder/Content/Resources/Materials/StandardVertexColorLWRP.mat
  artifactKey: Guid(077a003b1de1e4c35923be7a21b5d948) Importer(815301076,1909f56bfc062723c751e8b465ee728b)
Start importing Packages/com.unity.probuilder/Content/Resources/Materials/StandardVertexColorLWRP.mat using Guid(077a003b1de1e4c35923be7a21b5d948) Importer(815301076,1909f56bfc062723c751e8b465ee728b)  -> (artifact id: '10907b56ce9c3c70dfaa4b1ea47a2580') in 0.018699 seconds
  Import took 0.022559 seconds .

========================================================================
Received Import Request.
  Time since last request: 0.000247 seconds.
  path: Packages/com.unity.probuilder/Content/Resources/Materials/InvisibleFace.mat
  artifactKey: Guid(978bbcf5050244f1b95128c04103f628) Importer(815301076,1909f56bfc062723c751e8b465ee728b)
Start importing Packages/com.unity.probuilder/Content/Resources/Materials/InvisibleFace.mat using Guid(978bbcf5050244f1b95128c04103f628) Importer(815301076,1909f56bfc062723c751e8b465ee728b)  -> (artifact id: '0100c223e278aa44c113565cb9351877') in 0.018492 seconds
  Import took 0.022452 seconds .

========================================================================
Received Import Request.
  Time since last request: 0.000254 seconds.
  path: Packages/com.unity.probuilder/Content/Resources/Materials/FacePickerHDRP.mat
  artifactKey: Guid(a53ef0dd76f2fe74eb5f43267d7c0195) Importer(815301076,1909f56bfc062723c751e8b465ee728b)
Start importing Packages/com.unity.probuilder/Content/Resources/Materials/FacePickerHDRP.mat using Guid(a53ef0dd76f2fe74eb5f43267d7c0195) Importer(815301076,1909f56bfc062723c751e8b465ee728b)  -> (artifact id: '09377b585e436a6f7b8fbf8ab3ea4508') in 0.016327 seconds
  Import took 0.020223 seconds .

========================================================================
Received Import Request.
  Time since last request: 0.000262 seconds.
  path: Packages/com.unity.probuilder/Content/Resources/Materials/UnlitVertexColor.mat
  artifactKey: Guid(29966c3c0907b49b58c4e59342d020cf) Importer(815301076,1909f56bfc062723c751e8b465ee728b)
Start importing Packages/com.unity.probuilder/Content/Resources/Materials/UnlitVertexColor.mat using Guid(29966c3c0907b49b58c4e59342d020cf) Importer(815301076,1909f56bfc062723c751e8b465ee728b)  -> (artifact id: '8b95098ee053dd0d427cd206aceda3b6') in 0.017787 seconds
  Import took 0.022864 seconds .

========================================================================
Received Import Request.
  Time since last request: 0.000276 seconds.
  path: Packages/com.unity.probuilder/Content/Resources/Materials/StandardVertexColorHDRP.mat
  artifactKey: Guid(c35693c079f3840f7938a4a323096e84) Importer(815301076,1909f56bfc062723c751e8b465ee728b)
Start importing Packages/com.unity.probuilder/Content/Resources/Materials/StandardVertexColorHDRP.mat using Guid(c35693c079f3840f7938a4a323096e84) Importer(815301076,1909f56bfc062723c751e8b465ee728b)  -> (artifact id: 'bce5be5ff288730832799443b55845b0') in 0.015003 seconds
  Import took 0.020745 seconds .

========================================================================
Received Import Request.
  Time since last request: 0.013119 seconds.
  path: Packages/com.unity.probuilder/Content/Resources/Materials/UnlitVertexColor.mat
  artifactKey: Guid(29966c3c0907b49b58c4e59342d020cf) Importer(815301076,1909f56bfc062723c751e8b465ee728b)
Start importing Packages/com.unity.probuilder/Content/Resources/Materials/UnlitVertexColor.mat using Guid(29966c3c0907b49b58c4e59342d020cf) Importer(815301076,1909f56bfc062723c751e8b465ee728b)  -> (artifact id: '8b95098ee053dd0d427cd206aceda3b6') in 0.011500 seconds
  Import took 0.016344 seconds .

========================================================================
Received Prepare
Registering precompiled user dll's ...
Registered in 0.005338 seconds.
Begin MonoManager ReloadAssembly
Native extension for WindowsStandalone target not found
Refreshing native plugins compatible for Editor in 0.66 ms, found 2 plugins.
Preloading 0 native plugins for Editor in 0.00 ms.
Invoked RoslynAnalysisRunner static constructor.
RoslynAnalysisRunner will not be running.
RoslynAnalysisRunner has terminated.
Mono: successfully reloaded assembly
- Completed reload, in  1.446 seconds
Platform modules already initialized, skipping
Refreshing native plugins compatible for Editor in 0.54 ms, found 2 plugins.
Preloading 0 native plugins for Editor in 0.00 ms.
Unloading 1743 Unused Serialized files (Serialized files now loaded: 0)
System memory in use before: 83.5 MB.
System memory in use after: 82.3 MB.

Unloading 28 unused Assets to reduce memory usage. Loaded Objects now: 2220.
Total: 10.740200 ms (FindLiveObjects: 0.914100 ms CreateObjectMapping: 0.370200 ms MarkObjects: 5.843600 ms  DeleteObjects: 3.605200 ms)

========================================================================
Received Import Request.
  Time since last request: 565.459703 seconds.
  path: ProjectSettings/TagManager.asset
  artifactKey: Guid(00000000000000003000000000000000) Importer(815301076,1909f56bfc062723c751e8b465ee728b)
Start importing ProjectSettings/TagManager.asset using Guid(00000000000000003000000000000000) Importer(815301076,1909f56bfc062723c751e8b465ee728b)  -> (artifact id: 'ad25f32a57994a6f6c8c446e22ba6ece') in 0.023471 seconds
  Import took 0.027530 seconds .

========================================================================
Received Import Request.
  Time since last request: 127.828658 seconds.
  path: Assets/ProBuilder Data/Default Material Palette.asset
  artifactKey: Guid(bb32c7c6099ecfe46b85f09f4e43e4e8) Importer(815301076,1909f56bfc062723c751e8b465ee728b)
Start importing Assets/ProBuilder Data/Default Material Palette.asset using Guid(bb32c7c6099ecfe46b85f09f4e43e4e8) Importer(815301076,1909f56bfc062723c751e8b465ee728b)  -> (artifact id: 'ad504e5769733ba98245300680893864') in 0.008426 seconds
  Import took 0.011925 seconds .

========================================================================
Received Import Request.
  Time since last request: 2.871460 seconds.
  path: Assets/Scripts/DNAPositions.cs
  artifactKey: Guid(b1b40bfc6dfb86d4891b3558b65a4229) Importer(815301076,1909f56bfc062723c751e8b465ee728b)
Start importing Assets/Scripts/DNAPositions.cs using Guid(b1b40bfc6dfb86d4891b3558b65a4229) Importer(815301076,1909f56bfc062723c751e8b465ee728b)  -> (artifact id: '3453b8e1a3fcad7e66e0d8b200d6a509') in 0.015030 seconds
  Import took 0.018465 seconds .

========================================================================
Received Import Request.
  Time since last request: 0.633583 seconds.
  path: Assets/Scripts/PathFinder.cs
  artifactKey: Guid(98d3bb766df801d4bbf10f09eacbb2dc) Importer(815301076,1909f56bfc062723c751e8b465ee728b)
Start importing Assets/Scripts/PathFinder.cs using Guid(98d3bb766df801d4bbf10f09eacbb2dc) Importer(815301076,1909f56bfc062723c751e8b465ee728b)  -> (artifact id: '821911cbf48af990786acd7c3588ccf5') in 0.007514 seconds
  Import took 0.012007 seconds .

AssetImportWorkerClient::OnTransportError - code=2 error=End of file
